<?xml version="1.0" encoding="UTF-8"?>
<testng-results ignored="5" total="8" passed="2" failed="1" skipped="0">
  <reporter-output>
  </reporter-output>
  <suite started-at="2023-02-01T08:37:34 IST" name="Functional Test Suite" finished-at="2023-02-01T08:38:40 IST" duration-ms="65947">
    <groups>
      <group name="Sanity">
        <method signature="HomeTest.TC_002_verifySubscribeEmailMessage()[pri:1, instance:com.demowebshop.testscript.HomeTest@2cd2a21f]" name="TC_002_verifySubscribeEmailMessage" class="com.demowebshop.testscript.HomeTest"/>
      </group> <!-- Sanity -->
      <group name="Regression">
        <method signature="RegisterTest.TC001_verifyUserRegistration()[pri:1, instance:com.demowebshop.testscript.RegisterTest@1eb5174b]" name="TC001_verifyUserRegistration" class="com.demowebshop.testscript.RegisterTest"/>
      </group> <!-- Regression -->
      <group name="Smoke">
        <method signature="HomeTest.TC_001_verifyHomePageTitle()[pri:1, instance:com.demowebshop.testscript.HomeTest@2cd2a21f]" name="TC_001_verifyHomePageTitle" class="com.demowebshop.testscript.HomeTest"/>
      </group> <!-- Smoke -->
    </groups>
    <test started-at="2023-02-01T08:37:34 IST" name="Functional Test" finished-at="2023-02-01T08:38:40 IST" duration-ms="65947">
      <class name="com.demowebshop.testscript.HomeTest">
        <test-method is-config="true" signature="setExtent(org.testng.ITestContext)[pri:0, instance:com.demowebshop.testscript.HomeTest@2cd2a21f]" started-at="2023-02-01T08:37:34 IST" name="setExtent" finished-at="2023-02-01T08:37:34 IST" duration-ms="14" status="PASS">
          <params>
            <param index="0">
              <value>
                <![CDATA[org.testng.TestRunner@6f740044]]>
              </value>
            </param>
          </params>
          <reporter-output>
          </reporter-output>
        </test-method> <!-- setExtent -->
        <test-method is-config="true" signature="setUP(java.lang.String)[pri:0, instance:com.demowebshop.testscript.HomeTest@2cd2a21f]" started-at="2023-02-01T08:37:34 IST" name="setUP" finished-at="2023-02-01T08:37:41 IST" duration-ms="6691" status="PASS">
          <params>
            <param index="0">
              <value>
                <![CDATA[chrome]]>
              </value>
            </param>
          </params>
          <reporter-output>
          </reporter-output>
        </test-method> <!-- setUP -->
        <test-method signature="TC_001_verifyHomePageTitle()[pri:1, instance:com.demowebshop.testscript.HomeTest@2cd2a21f]" started-at="2023-02-01T08:37:41 IST" name="TC_001_verifyHomePageTitle" description="TC001 verify home page title" finished-at="2023-02-01T08:37:42 IST" duration-ms="722" status="PASS">
          <reporter-output>
          </reporter-output>
        </test-method> <!-- TC_001_verifyHomePageTitle -->
        <test-method is-config="true" signature="tearDown(org.testng.ITestResult)[pri:0, instance:com.demowebshop.testscript.HomeTest@2cd2a21f]" started-at="2023-02-01T08:37:42 IST" name="tearDown" finished-at="2023-02-01T08:37:58 IST" duration-ms="16235" status="PASS">
          <params>
            <param index="0">
              <value>
                <![CDATA[[TestResult name=TC_001_verifyHomePageTitle status=SUCCESS method=HomeTest.TC_001_verifyHomePageTitle()[pri:1, instance:com.demowebshop.testscript.HomeTest@2cd2a21f] output={null}]]]>
              </value>
            </param>
          </params>
          <reporter-output>
          </reporter-output>
        </test-method> <!-- tearDown -->
        <test-method is-config="true" signature="setUP(java.lang.String)[pri:0, instance:com.demowebshop.testscript.HomeTest@2cd2a21f]" started-at="2023-02-01T08:37:58 IST" name="setUP" finished-at="2023-02-01T08:38:02 IST" duration-ms="3714" status="PASS">
          <params>
            <param index="0">
              <value>
                <![CDATA[chrome]]>
              </value>
            </param>
          </params>
          <reporter-output>
          </reporter-output>
        </test-method> <!-- setUP -->
        <test-method signature="TC_002_verifySubscribeEmailMessage()[pri:1, instance:com.demowebshop.testscript.HomeTest@2cd2a21f]" started-at="2023-02-01T08:38:02 IST" name="TC_002_verifySubscribeEmailMessage" description="TC002 verify subscribe email message" finished-at="2023-02-01T08:38:02 IST" duration-ms="266" status="FAIL">
          <exception class="java.lang.AssertionError">
            <message>
              <![CDATA[ERROR : Invalid Subscribe Message Found expected [Thank you for signing up! A verification email has been sent. We appreciate your interest.] but found []]]>
            </message>
            <full-stacktrace>
              <![CDATA[java.lang.AssertionError: ERROR : Invalid Subscribe Message Found expected [Thank you for signing up! A verification email has been sent. We appreciate your interest.] but found []
at org.testng.Assert.fail(Assert.java:110)
at org.testng.Assert.failNotEquals(Assert.java:1577)
at org.testng.Assert.assertEqualsImpl(Assert.java:149)
at org.testng.Assert.assertEquals(Assert.java:131)
at org.testng.Assert.assertEquals(Assert.java:655)
at com.demowebshop.testscript.HomeTest.TC_002_verifySubscribeEmailMessage(HomeTest.java:41)
at java.base/jdk.internal.reflect.DirectMethodHandleAccessor.invoke(DirectMethodHandleAccessor.java:104)
at java.base/java.lang.reflect.Method.invoke(Method.java:578)
at org.testng.internal.invokers.MethodInvocationHelper.invokeMethod(MethodInvocationHelper.java:139)
at org.testng.internal.invokers.TestInvoker.invokeMethod(TestInvoker.java:677)
at org.testng.internal.invokers.TestInvoker.invokeTestMethod(TestInvoker.java:221)
at org.testng.internal.invokers.MethodRunner.runInSequence(MethodRunner.java:50)
at org.testng.internal.invokers.TestInvoker$MethodInvocationAgent.invoke(TestInvoker.java:969)
at org.testng.internal.invokers.TestInvoker.invokeTestMethods(TestInvoker.java:194)
at org.testng.internal.invokers.TestMethodWorker.invokeTestMethods(TestMethodWorker.java:148)
at org.testng.internal.invokers.TestMethodWorker.run(TestMethodWorker.java:128)
at java.base/java.util.ArrayList.forEach(ArrayList.java:1511)
at org.testng.TestRunner.privateRun(TestRunner.java:829)
at org.testng.TestRunner.run(TestRunner.java:602)
at org.testng.SuiteRunner.runTest(SuiteRunner.java:437)
at org.testng.SuiteRunner.runSequentially(SuiteRunner.java:431)
at org.testng.SuiteRunner.privateRun(SuiteRunner.java:391)
at org.testng.SuiteRunner.run(SuiteRunner.java:330)
at org.testng.SuiteRunnerWorker.runSuite(SuiteRunnerWorker.java:52)
at org.testng.SuiteRunnerWorker.run(SuiteRunnerWorker.java:95)
at org.testng.TestNG.runSuitesSequentially(TestNG.java:1256)
at org.testng.TestNG.runSuitesLocally(TestNG.java:1176)
at org.testng.TestNG.runSuites(TestNG.java:1099)
at org.testng.TestNG.run(TestNG.java:1067)
at org.apache.maven.surefire.testng.TestNGExecutor.run(TestNGExecutor.java:284)
at org.apache.maven.surefire.testng.TestNGXmlTestSuite.execute(TestNGXmlTestSuite.java:75)
at org.apache.maven.surefire.testng.TestNGProvider.invoke(TestNGProvider.java:119)
at org.apache.maven.surefire.booter.ForkedBooter.runSuitesInProcess(ForkedBooter.java:428)
at org.apache.maven.surefire.booter.ForkedBooter.execute(ForkedBooter.java:162)
at org.apache.maven.surefire.booter.ForkedBooter.run(ForkedBooter.java:562)
at org.apache.maven.surefire.booter.ForkedBooter.main(ForkedBooter.java:548)
]]>
            </full-stacktrace>
          </exception> <!-- java.lang.AssertionError -->
          <reporter-output>
          </reporter-output>
        </test-method> <!-- TC_002_verifySubscribeEmailMessage -->
        <test-method is-config="true" signature="tearDown(org.testng.ITestResult)[pri:0, instance:com.demowebshop.testscript.HomeTest@2cd2a21f]" started-at="2023-02-01T08:38:02 IST" name="tearDown" finished-at="2023-02-01T08:38:18 IST" duration-ms="16487" status="PASS">
          <params>
            <param index="0">
              <value>
                <![CDATA[[TestResult name=TC_002_verifySubscribeEmailMessage status=FAILURE method=HomeTest.TC_002_verifySubscribeEmailMessage()[pri:1, instance:com.demowebshop.testscript.HomeTest@2cd2a21f] output={null}]]]>
              </value>
            </param>
          </params>
          <reporter-output>
          </reporter-output>
        </test-method> <!-- tearDown -->
      </class> <!-- com.demowebshop.testscript.HomeTest -->
      <class name="com.demowebshop.testscript.RegisterTest">
        <test-method is-config="true" signature="setUP(java.lang.String)[pri:0, instance:com.demowebshop.testscript.RegisterTest@1eb5174b]" started-at="2023-02-01T08:38:18 IST" name="setUP" finished-at="2023-02-01T08:38:22 IST" duration-ms="3645" status="PASS">
          <params>
            <param index="0">
              <value>
                <![CDATA[chrome]]>
              </value>
            </param>
          </params>
          <reporter-output>
          </reporter-output>
        </test-method> <!-- setUP -->
        <test-method signature="TC001_verifyUserRegistration()[pri:1, instance:com.demowebshop.testscript.RegisterTest@1eb5174b]" started-at="2023-02-01T08:38:22 IST" name="TC001_verifyUserRegistration" description="TC001 Verify Register Page Title" finished-at="2023-02-01T08:38:24 IST" duration-ms="1891" status="PASS">
          <reporter-output>
          </reporter-output>
        </test-method> <!-- TC001_verifyUserRegistration -->
        <test-method is-config="true" signature="tearDown(org.testng.ITestResult)[pri:0, instance:com.demowebshop.testscript.RegisterTest@1eb5174b]" started-at="2023-02-01T08:38:24 IST" name="tearDown" finished-at="2023-02-01T08:38:40 IST" duration-ms="16254" status="PASS">
          <params>
            <param index="0">
              <value>
                <![CDATA[[TestResult name=TC001_verifyUserRegistration status=SUCCESS method=RegisterTest.TC001_verifyUserRegistration()[pri:1, instance:com.demowebshop.testscript.RegisterTest@1eb5174b] output={null}]]]>
              </value>
            </param>
          </params>
          <reporter-output>
          </reporter-output>
        </test-method> <!-- tearDown -->
      </class> <!-- com.demowebshop.testscript.RegisterTest -->
    </test> <!-- Functional Test -->
  </suite> <!-- Functional Test Suite -->
</testng-results>
