<?xml version="1.0" encoding="UTF-8"?>
<!-- Generated by org.testng.reporters.JUnitXMLReporter -->
<testsuite ignored="5" hostname="DESKTOP-SI180QA" failures="1" tests="3" name="Functional Test" time="65.947" errors="0" timestamp="2023-02-01T08:38:40 IST">
  <testcase classname="com.demowebshop.testscript.HomeTest" name="TC_001_verifyHomePageTitle" time="0.722"/>
  <testcase classname="com.demowebshop.testscript.HomeTest" name="TC_002_verifySubscribeEmailMessage" time="0.266">
    <failure type="java.lang.AssertionError" message="ERROR : Invalid Subscribe Message Found expected [Thank you for signing up! A verification email has been sent. We appreciate your interest.] but found []">
      <![CDATA[java.lang.AssertionError: ERROR : Invalid Subscribe Message Found expected [Thank you for signing up! A verification email has been sent. We appreciate your interest.] but found []
at com.demowebshop.testscript.HomeTest.TC_002_verifySubscribeEmailMessage(HomeTest.java:41)
at java.base/java.util.ArrayList.forEach(ArrayList.java:1511)
... Removed 34 stack frames]]>
    </failure>
  </testcase> <!-- TC_002_verifySubscribeEmailMessage -->
  <testcase classname="com.demowebshop.testscript.RegisterTest" name="TC001_verifyUserRegistration" time="1.891"/>
  <testcase classname="com.demowebshop.testscript.LoginTest" name="TC002_verifyValidLogin" time="0.0">
    <ignored/>
  </testcase> <!-- TC002_verifyValidLogin -->
  <testcase classname="com.demowebshop.testscript.LoginTest" name="TC001_verifyLoginPageTitle" time="0.0">
    <ignored/>
  </testcase> <!-- TC001_verifyLoginPageTitle -->
  <testcase classname="com.demowebshop.automationcore.Base" name="@BeforeSuite setExtent" time="0.0">
    <ignored/>
  </testcase> <!-- @BeforeSuite setExtent -->
  <testcase classname="com.demowebshop.automationcore.Base" name="@BeforeSuite setExtent" time="0.0">
    <ignored/>
  </testcase> <!-- @BeforeSuite setExtent -->
  <testcase classname="com.demowebshop.testscript.LoginTest" name="TC003_verifyInValidLoginErrorMessage" time="0.0">
    <ignored/>
  </testcase> <!-- TC003_verifyInValidLoginErrorMessage -->
</testsuite> <!-- Functional Test -->
